[SQL_LOG:2023-04-21 16:41:50]:  SELECT  customer_no  FROM  session  WHERE  session_key = ?     [r23dg8g7s0sgqf88lo9umedls0]
[SQL_LOG:2023-04-21 16:41:50]:  INSERT INTO  session  (session_key ) VALUES (?)  [r23dg8g7s0sgqf88lo9umedls0]
[SQL_LOG:2023-04-21 16:41:50]:  SELECT  ctg_id, category_name  FROM  category     []
[SQL_LOG:2023-04-21 16:41:50]:  SELECT  item_id, item_name, price,image, ctg_id  FROM  item     []
[SQL_LOG:2023-04-21 16:42:04]:  SELECT  customer_no  FROM  session  WHERE  session_key = ?     [r23dg8g7s0sgqf88lo9umedls0]
[SQL_LOG:2023-04-21 16:42:04]:  SELECT  ctg_id, category_name  FROM  category     []
[SQL_LOG:2023-04-21 16:42:04]:  SELECT  item_id, item_name, detail, price, image, ctg_id  FROM  item  WHERE  item_id = ?     [1]
[SQL_LOG:2023-04-21 16:42:08]:  SELECT  customer_no  FROM  session  WHERE  session_key = ?     [r23dg8g7s0sgqf88lo9umedls0]
[SQL_LOG:2023-04-21 16:42:08]:  SELECT  ctg_id, category_name  FROM  category     []
[SQL_LOG:2023-04-21 16:42:08]:  SELECT  item_id, item_name, price,image, ctg_id  FROM  item     []
[SQL_LOG:2023-04-21 16:42:10]:  SELECT  customer_no  FROM  session  WHERE  session_key = ?     [r23dg8g7s0sgqf88lo9umedls0]
[SQL_LOG:2023-04-21 16:42:10]:  SELECT  ctg_id, category_name  FROM  category     []
[SQL_LOG:2023-04-21 16:42:10]:  SELECT  item_id, item_name, detail, price, image, ctg_id  FROM  item  WHERE  item_id = ?     [2]
[SQL_LOG:2023-04-21 16:42:11]:  SELECT  customer_no  FROM  session  WHERE  session_key = ?     [r23dg8g7s0sgqf88lo9umedls0]
[SQL_LOG:2023-04-21 16:42:11]:  SELECT  ctg_id, category_name  FROM  category     []
[SQL_LOG:2023-04-21 16:42:11]:  SELECT  item_id, item_name, price,image, ctg_id  FROM  item     []
[SQL_LOG:2023-04-21 16:42:13]:  SELECT  customer_no  FROM  session  WHERE  session_key = ?     [r23dg8g7s0sgqf88lo9umedls0]
[SQL_LOG:2023-04-21 16:42:13]:  SELECT  ctg_id, category_name  FROM  category     []
[SQL_LOG:2023-04-21 16:42:13]:  SELECT  item_id, item_name, price,image, ctg_id  FROM  item  WHERE  ctg_id = ?     [1]
[SQL_LOG:2023-04-21 16:42:19]:  SELECT  customer_no  FROM  session  WHERE  session_key = ?     [r23dg8g7s0sgqf88lo9umedls0]
[SQL_LOG:2023-04-21 16:42:19]:  SELECT  ctg_id, category_name  FROM  category     []
[SQL_LOG:2023-04-21 16:42:19]:  SELECT  item_id, item_name, price,image, ctg_id  FROM  item  WHERE  ctg_id = ?     [2]
[SQL_LOG:2023-04-21 16:42:20]:  SELECT  customer_no  FROM  session  WHERE  session_key = ?     [r23dg8g7s0sgqf88lo9umedls0]
[SQL_LOG:2023-04-21 16:42:20]:  SELECT  ctg_id, category_name  FROM  category     []
[SQL_LOG:2023-04-21 16:42:20]:  SELECT  item_id, item_name, price,image, ctg_id  FROM  item  WHERE  ctg_id = ?     [3]
[SQL_LOG:2023-04-21 16:42:23]:  SELECT  customer_no  FROM  session  WHERE  session_key = ?     [r23dg8g7s0sgqf88lo9umedls0]
[SQL_LOG:2023-04-21 16:42:23]:  SELECT  ctg_id, category_name  FROM  category     []
[SQL_LOG:2023-04-21 16:42:23]:  SELECT  item_id, item_name, detail, price, image, ctg_id  FROM  item  WHERE  item_id = ?     [9]
[SQL_LOG:2023-04-21 16:42:26]:  SELECT  customer_no  FROM  session  WHERE  session_key = ?     [r23dg8g7s0sgqf88lo9umedls0]
[SQL_LOG:2023-04-21 16:42:26]:  SELECT  ctg_id, category_name  FROM  category     []
[SQL_LOG:2023-04-21 16:42:26]:  SELECT  item_id, item_name, price,image, ctg_id  FROM  item  WHERE  ctg_id = ?     [3]
[SQL_LOG:2023-04-21 16:42:27]:  SELECT  customer_no  FROM  session  WHERE  session_key = ?     [r23dg8g7s0sgqf88lo9umedls0]
[SQL_LOG:2023-04-21 16:42:27]:  SELECT  ctg_id, category_name  FROM  category     []
[SQL_LOG:2023-04-21 16:42:27]:  SELECT  item_id, item_name, detail, price, image, ctg_id  FROM  item  WHERE  item_id = ?     [9]
[SQL_LOG:2023-04-21 16:42:28]:  SELECT  customer_no  FROM  session  WHERE  session_key = ?     [r23dg8g7s0sgqf88lo9umedls0]
[SQL_LOG:2023-04-21 16:42:28]:  INSERT INTO  cart  (customer_no,item_id) VALUES (?,?)  [1,9]
[SQL_LOG:2023-04-21 16:42:28]:  SELECT  c.crt_id, i.item_id, i.item_name, i.price,i.image  FROM  cart c LEFT JOIN item i ON c.item_id = i.item_id  WHERE  c.customer_no = ? AND c.delete_flg = ?     [1,0]
[SQL_LOG:2023-04-21 16:42:28]:  SELECT  SUM( i.price ) AS totalPrice  FROM  cart c LEFT JOIN item i ON c.item_id = i.item_id  WHERE  c.customer_no = ? AND c.delete_flg = ?    [1,0]
[SQL_LOG:2023-04-21 16:42:28]:  SELECT  SUM( num ) AS num  FROM  cart c  WHERE  c.customer_no = ? AND c.delete_flg = ?    [1,0]
[SQL_LOG:2023-04-21 16:42:31]:  SELECT  customer_no  FROM  session  WHERE  session_key = ?     [r23dg8g7s0sgqf88lo9umedls0]
[SQL_LOG:2023-04-21 16:42:31]:  SELECT  ctg_id, category_name  FROM  category     []
[SQL_LOG:2023-04-21 16:42:31]:  SELECT  item_id, item_name, price,image, ctg_id  FROM  item     []
[SQL_LOG:2023-04-21 16:42:37]:  SELECT  customer_no  FROM  session  WHERE  session_key = ?     [r23dg8g7s0sgqf88lo9umedls0]
[SQL_LOG:2023-04-21 16:42:37]:  SELECT  ctg_id, category_name  FROM  category     []
[SQL_LOG:2023-04-21 16:42:37]:  SELECT  item_id, item_name, detail, price, image, ctg_id  FROM  item  WHERE  item_id = ?     [1]
[SQL_LOG:2023-04-21 16:42:38]:  SELECT  customer_no  FROM  session  WHERE  session_key = ?     [r23dg8g7s0sgqf88lo9umedls0]
[SQL_LOG:2023-04-21 16:42:38]:  INSERT INTO  cart  (customer_no,item_id) VALUES (?,?)  [1,1]
[SQL_LOG:2023-04-21 16:42:38]:  SELECT  c.crt_id, i.item_id, i.item_name, i.price,i.image  FROM  cart c LEFT JOIN item i ON c.item_id = i.item_id  WHERE  c.customer_no = ? AND c.delete_flg = ?     [1,0]
[SQL_LOG:2023-04-21 16:42:38]:  SELECT  SUM( i.price ) AS totalPrice  FROM  cart c LEFT JOIN item i ON c.item_id = i.item_id  WHERE  c.customer_no = ? AND c.delete_flg = ?    [1,0]
[SQL_LOG:2023-04-21 16:42:38]:  SELECT  SUM( num ) AS num  FROM  cart c  WHERE  c.customer_no = ? AND c.delete_flg = ?    [1,0]
[SQL_LOG:2023-04-21 16:42:40]:  SELECT  customer_no  FROM  session  WHERE  session_key = ?     [r23dg8g7s0sgqf88lo9umedls0]
[SQL_LOG:2023-04-21 16:42:40]:  SELECT  ctg_id, category_name  FROM  category     []
[SQL_LOG:2023-04-21 16:42:40]:  SELECT  item_id, item_name, price,image, ctg_id  FROM  item     []
[SQL_LOG:2023-04-21 16:42:42]:  SELECT  customer_no  FROM  session  WHERE  session_key = ?     [r23dg8g7s0sgqf88lo9umedls0]
[SQL_LOG:2023-04-21 16:42:42]:  SELECT  ctg_id, category_name  FROM  category     []
[SQL_LOG:2023-04-21 16:42:42]:  SELECT  item_id, item_name, detail, price, image, ctg_id  FROM  item  WHERE  item_id = ?     [3]
[SQL_LOG:2023-04-21 16:42:43]:  SELECT  customer_no  FROM  session  WHERE  session_key = ?     [r23dg8g7s0sgqf88lo9umedls0]
[SQL_LOG:2023-04-21 16:42:43]:  INSERT INTO  cart  (customer_no,item_id) VALUES (?,?)  [1,3]
[SQL_LOG:2023-04-21 16:42:43]:  SELECT  c.crt_id, i.item_id, i.item_name, i.price,i.image  FROM  cart c LEFT JOIN item i ON c.item_id = i.item_id  WHERE  c.customer_no = ? AND c.delete_flg = ?     [1,0]
[SQL_LOG:2023-04-21 16:42:43]:  SELECT  SUM( i.price ) AS totalPrice  FROM  cart c LEFT JOIN item i ON c.item_id = i.item_id  WHERE  c.customer_no = ? AND c.delete_flg = ?    [1,0]
[SQL_LOG:2023-04-21 16:42:43]:  SELECT  SUM( num ) AS num  FROM  cart c  WHERE  c.customer_no = ? AND c.delete_flg = ?    [1,0]
[SQL_LOG:2023-04-21 16:42:45]:  SELECT  customer_no  FROM  session  WHERE  session_key = ?     [r23dg8g7s0sgqf88lo9umedls0]
[SQL_LOG:2023-04-21 16:42:45]:  SELECT  ctg_id, category_name  FROM  category     []
[SQL_LOG:2023-04-21 16:42:45]:  SELECT  item_id, item_name, price,image, ctg_id  FROM  item     []
[SQL_LOG:2023-04-21 16:42:49]:  SELECT  customer_no  FROM  session  WHERE  session_key = ?     [r23dg8g7s0sgqf88lo9umedls0]
[SQL_LOG:2023-04-21 16:42:49]:  SELECT  ctg_id, category_name  FROM  category     []
[SQL_LOG:2023-04-21 16:42:49]:  SELECT  item_id, item_name, detail, price, image, ctg_id  FROM  item  WHERE  item_id = ?     [4]
[SQL_LOG:2023-04-21 16:42:51]:  SELECT  customer_no  FROM  session  WHERE  session_key = ?     [r23dg8g7s0sgqf88lo9umedls0]
[SQL_LOG:2023-04-21 16:42:51]:  INSERT INTO  cart  (customer_no,item_id) VALUES (?,?)  [1,4]
[SQL_LOG:2023-04-21 16:42:51]:  SELECT  c.crt_id, i.item_id, i.item_name, i.price,i.image  FROM  cart c LEFT JOIN item i ON c.item_id = i.item_id  WHERE  c.customer_no = ? AND c.delete_flg = ?     [1,0]
[SQL_LOG:2023-04-21 16:42:51]:  SELECT  SUM( i.price ) AS totalPrice  FROM  cart c LEFT JOIN item i ON c.item_id = i.item_id  WHERE  c.customer_no = ? AND c.delete_flg = ?    [1,0]
[SQL_LOG:2023-04-21 16:42:51]:  SELECT  SUM( num ) AS num  FROM  cart c  WHERE  c.customer_no = ? AND c.delete_flg = ?    [1,0]
[SQL_LOG:2023-04-21 16:42:55]:  SELECT  customer_no  FROM  session  WHERE  session_key = ?     [r23dg8g7s0sgqf88lo9umedls0]
[SQL_LOG:2023-04-21 16:42:55]:  UPDATE  cart  SET  WHERE Array []
[SQL_LOG:2023-04-21 16:44:37]:  SELECT  customer_no  FROM  session  WHERE  session_key = ?     [r23dg8g7s0sgqf88lo9umedls0]
[SQL_LOG:2023-04-21 16:44:37]:  UPDATE  cart  SET delete_flg =?  WHERE  crt_id = ?  [1,1]
[SQL_LOG:2023-04-21 16:44:37]:  SELECT  c.crt_id, i.item_id, i.item_name, i.price,i.image  FROM  cart c LEFT JOIN item i ON c.item_id = i.item_id  WHERE  c.customer_no = ? AND c.delete_flg = ?     [1,0]
[SQL_LOG:2023-04-21 16:44:37]:  SELECT  SUM( i.price ) AS totalPrice  FROM  cart c LEFT JOIN item i ON c.item_id = i.item_id  WHERE  c.customer_no = ? AND c.delete_flg = ?    [1,0]
[SQL_LOG:2023-04-21 16:44:37]:  SELECT  SUM( num ) AS num  FROM  cart c  WHERE  c.customer_no = ? AND c.delete_flg = ?    [1,0]
[SQL_LOG:2023-04-21 16:44:43]:  SELECT  customer_no  FROM  session  WHERE  session_key = ?     [r23dg8g7s0sgqf88lo9umedls0]
[SQL_LOG:2023-04-21 16:44:43]:  UPDATE  cart  SET delete_flg =?  WHERE  crt_id = ?  [1,2]
[SQL_LOG:2023-04-21 16:44:43]:  SELECT  c.crt_id, i.item_id, i.item_name, i.price,i.image  FROM  cart c LEFT JOIN item i ON c.item_id = i.item_id  WHERE  c.customer_no = ? AND c.delete_flg = ?     [1,0]
[SQL_LOG:2023-04-21 16:44:43]:  SELECT  SUM( i.price ) AS totalPrice  FROM  cart c LEFT JOIN item i ON c.item_id = i.item_id  WHERE  c.customer_no = ? AND c.delete_flg = ?    [1,0]
[SQL_LOG:2023-04-21 16:44:43]:  SELECT  SUM( num ) AS num  FROM  cart c  WHERE  c.customer_no = ? AND c.delete_flg = ?    [1,0]
[SQL_LOG:2023-04-21 16:44:45]:  SELECT  customer_no  FROM  session  WHERE  session_key = ?     [r23dg8g7s0sgqf88lo9umedls0]
[SQL_LOG:2023-04-21 16:44:45]:  UPDATE  cart  SET delete_flg =?  WHERE  crt_id = ?  [1,3]
[SQL_LOG:2023-04-21 16:44:45]:  SELECT  c.crt_id, i.item_id, i.item_name, i.price,i.image  FROM  cart c LEFT JOIN item i ON c.item_id = i.item_id  WHERE  c.customer_no = ? AND c.delete_flg = ?     [1,0]
[SQL_LOG:2023-04-21 16:44:45]:  SELECT  SUM( i.price ) AS totalPrice  FROM  cart c LEFT JOIN item i ON c.item_id = i.item_id  WHERE  c.customer_no = ? AND c.delete_flg = ?    [1,0]
[SQL_LOG:2023-04-21 16:44:45]:  SELECT  SUM( num ) AS num  FROM  cart c  WHERE  c.customer_no = ? AND c.delete_flg = ?    [1,0]
[SQL_LOG:2023-04-21 16:44:46]:  SELECT  customer_no  FROM  session  WHERE  session_key = ?     [r23dg8g7s0sgqf88lo9umedls0]
[SQL_LOG:2023-04-21 16:44:46]:  UPDATE  cart  SET delete_flg =?  WHERE  crt_id = ?  [1,4]
[SQL_LOG:2023-04-21 16:44:46]:  SELECT  c.crt_id, i.item_id, i.item_name, i.price,i.image  FROM  cart c LEFT JOIN item i ON c.item_id = i.item_id  WHERE  c.customer_no = ? AND c.delete_flg = ?     [1,0]
[SQL_LOG:2023-04-21 16:44:46]:  SELECT  SUM( i.price ) AS totalPrice  FROM  cart c LEFT JOIN item i ON c.item_id = i.item_id  WHERE  c.customer_no = ? AND c.delete_flg = ?    [1,0]
[SQL_LOG:2023-04-21 16:44:46]:  SELECT  SUM( num ) AS num  FROM  cart c  WHERE  c.customer_no = ? AND c.delete_flg = ?    [1,0]
[SQL_LOG:2023-04-21 17:02:48]:  SELECT  customer_no  FROM  session  WHERE  session_key = ?     [r23dg8g7s0sgqf88lo9umedls0]
[SQL_LOG:2023-04-21 17:02:48]:  UPDATE  cart  SET delete_flg =?  WHERE  crt_id = ?  [1,4]
[SQL_LOG:2023-04-21 17:02:48]:  SELECT  c.crt_id, i.item_id, i.item_name, i.price,i.image  FROM  cart c LEFT JOIN item i ON c.item_id = i.item_id  WHERE  c.customer_no = ? AND c.delete_flg = ?     [1,0]
[SQL_LOG:2023-04-21 17:02:48]:  SELECT  SUM( i.price ) AS totalPrice  FROM  cart c LEFT JOIN item i ON c.item_id = i.item_id  WHERE  c.customer_no = ? AND c.delete_flg = ?    [1,0]
[SQL_LOG:2023-04-21 17:02:48]:  SELECT  SUM( num ) AS num  FROM  cart c  WHERE  c.customer_no = ? AND c.delete_flg = ?    [1,0]
[SQL_LOG:2023-04-21 17:02:57]:  SELECT  customer_no  FROM  session  WHERE  session_key = ?     [r23dg8g7s0sgqf88lo9umedls0]
[SQL_LOG:2023-04-21 17:02:57]:  SELECT  ctg_id, category_name  FROM  category     []
[SQL_LOG:2023-04-21 17:02:57]:  SELECT  item_id, item_name, price,image, ctg_id  FROM  item     []
[SQL_LOG:2023-04-21 17:02:59]:  SELECT  customer_no  FROM  session  WHERE  session_key = ?     [r23dg8g7s0sgqf88lo9umedls0]
[SQL_LOG:2023-04-21 17:02:59]:  UPDATE  cart  SET delete_flg =?  WHERE  crt_id = ?  [1,4]
[SQL_LOG:2023-04-21 17:02:59]:  SELECT  c.crt_id, i.item_id, i.item_name, i.price,i.image  FROM  cart c LEFT JOIN item i ON c.item_id = i.item_id  WHERE  c.customer_no = ? AND c.delete_flg = ?     [1,0]
[SQL_LOG:2023-04-21 17:02:59]:  SELECT  SUM( i.price ) AS totalPrice  FROM  cart c LEFT JOIN item i ON c.item_id = i.item_id  WHERE  c.customer_no = ? AND c.delete_flg = ?    [1,0]
[SQL_LOG:2023-04-21 17:02:59]:  SELECT  SUM( num ) AS num  FROM  cart c  WHERE  c.customer_no = ? AND c.delete_flg = ?    [1,0]
[SQL_LOG:2023-04-21 17:03:05]:  SELECT  customer_no  FROM  session  WHERE  session_key = ?     [r23dg8g7s0sgqf88lo9umedls0]
[SQL_LOG:2023-04-21 17:03:05]:  SELECT  ctg_id, category_name  FROM  category     []
[SQL_LOG:2023-04-21 17:03:05]:  SELECT  item_id, item_name, price,image, ctg_id  FROM  item     []
[SQL_LOG:2023-04-21 17:03:11]:  SELECT  customer_no  FROM  session  WHERE  session_key = ?     [r23dg8g7s0sgqf88lo9umedls0]
[SQL_LOG:2023-04-21 17:03:11]:  SELECT  ctg_id, category_name  FROM  category     []
[SQL_LOG:2023-04-21 17:03:11]:  SELECT  item_id, item_name, detail, price, image, ctg_id  FROM  item  WHERE  item_id = ?     [1]
[SQL_LOG:2023-04-21 17:03:14]:  SELECT  customer_no  FROM  session  WHERE  session_key = ?     [r23dg8g7s0sgqf88lo9umedls0]
[SQL_LOG:2023-04-21 17:03:14]:  INSERT INTO  cart  (customer_no,item_id) VALUES (?,?)  [1,1]
[SQL_LOG:2023-04-21 17:03:14]:  SELECT  c.crt_id, i.item_id, i.item_name, i.price,i.image  FROM  cart c LEFT JOIN item i ON c.item_id = i.item_id  WHERE  c.customer_no = ? AND c.delete_flg = ?     [1,0]
[SQL_LOG:2023-04-21 17:03:14]:  SELECT  SUM( i.price ) AS totalPrice  FROM  cart c LEFT JOIN item i ON c.item_id = i.item_id  WHERE  c.customer_no = ? AND c.delete_flg = ?    [1,0]
[SQL_LOG:2023-04-21 17:03:14]:  SELECT  SUM( num ) AS num  FROM  cart c  WHERE  c.customer_no = ? AND c.delete_flg = ?    [1,0]
[SQL_LOG:2023-04-21 17:03:21]:  SELECT  customer_no  FROM  session  WHERE  session_key = ?     [r23dg8g7s0sgqf88lo9umedls0]
[SQL_LOG:2023-04-21 17:03:21]:  UPDATE  cart  SET delete_flg =?  WHERE  crt_id = ?  [1,5]
[SQL_LOG:2023-04-21 17:03:21]:  SELECT  c.crt_id, i.item_id, i.item_name, i.price,i.image  FROM  cart c LEFT JOIN item i ON c.item_id = i.item_id  WHERE  c.customer_no = ? AND c.delete_flg = ?     [1,0]
[SQL_LOG:2023-04-21 17:03:21]:  SELECT  SUM( i.price ) AS totalPrice  FROM  cart c LEFT JOIN item i ON c.item_id = i.item_id  WHERE  c.customer_no = ? AND c.delete_flg = ?    [1,0]
[SQL_LOG:2023-04-21 17:03:21]:  SELECT  SUM( num ) AS num  FROM  cart c  WHERE  c.customer_no = ? AND c.delete_flg = ?    [1,0]
[SQL_LOG:2023-04-22 17:10:37]:  SELECT  customer_no  FROM  session  WHERE  session_key = ?     [r23dg8g7s0sgqf88lo9umedls0]
[SQL_LOG:2023-04-22 17:10:37]:  SELECT  c.crt_id, i.item_id, i.item_name, i.price,i.image  FROM  cart c LEFT JOIN item i ON c.item_id = i.item_id  WHERE  c.customer_no = ? AND c.delete_flg = ?     [1,0]
[SQL_LOG:2023-04-22 17:10:37]:  SELECT  SUM( i.price ) AS totalPrice  FROM  cart c LEFT JOIN item i ON c.item_id = i.item_id  WHERE  c.customer_no = ? AND c.delete_flg = ?    [1,0]
[SQL_LOG:2023-04-22 17:10:37]:  SELECT  SUM( num ) AS num  FROM  cart c  WHERE  c.customer_no = ? AND c.delete_flg = ?    [1,0]
[SQL_LOG:2023-04-22 17:10:38]:  SELECT  customer_no  FROM  session  WHERE  session_key = ?     [r23dg8g7s0sgqf88lo9umedls0]
[SQL_LOG:2023-04-22 17:10:38]:  SELECT  ctg_id, category_name  FROM  category     []
[SQL_LOG:2023-04-22 17:10:38]:  SELECT  item_id, item_name, price,image, ctg_id  FROM  item     []
[SQL_LOG:2023-04-22 17:10:44]:  SELECT  customer_no  FROM  session  WHERE  session_key = ?     [r23dg8g7s0sgqf88lo9umedls0]
[SQL_LOG:2023-04-22 17:10:44]:  SELECT  c.crt_id, i.item_id, i.item_name, i.price,i.image  FROM  cart c LEFT JOIN item i ON c.item_id = i.item_id  WHERE  c.customer_no = ? AND c.delete_flg = ?     [1,0]
[SQL_LOG:2023-04-22 17:10:44]:  SELECT  SUM( i.price ) AS totalPrice  FROM  cart c LEFT JOIN item i ON c.item_id = i.item_id  WHERE  c.customer_no = ? AND c.delete_flg = ?    [1,0]
[SQL_LOG:2023-04-22 17:10:44]:  SELECT  SUM( num ) AS num  FROM  cart c  WHERE  c.customer_no = ? AND c.delete_flg = ?    [1,0]
[SQL_LOG:2023-04-24 12:21:28]:  SELECT  customer_no  FROM  session  WHERE  session_key = ?     [r23dg8g7s0sgqf88lo9umedls0]
[SQL_LOG:2023-04-24 12:21:28]:  SELECT  ctg_id, category_name  FROM  category     []
[SQL_LOG:2023-04-24 12:21:28]:  SELECT  item_id, item_name, price,image, ctg_id  FROM  item     []
[SQL_LOG:2023-04-24 12:50:46]:  SELECT  customer_no  FROM  session  WHERE  session_key = ?     [r23dg8g7s0sgqf88lo9umedls0]
[SQL_LOG:2023-04-24 12:50:46]:  SELECT  ctg_id, category_name  FROM  category     []
[SQL_LOG:2023-04-24 12:50:46]:  SELECT  item_id, item_name, price,image, ctg_id  FROM  item     []
[SQL_LOG:2023-04-25 11:04:35]:  SELECT  customer_no  FROM  session  WHERE  session_key = ?     [r23dg8g7s0sgqf88lo9umedls0]
[SQL_LOG:2023-04-25 11:04:35]:  SELECT  ctg_id, category_name  FROM  category     []
[SQL_LOG:2023-04-25 11:04:35]:  SELECT  item_id, item_name, price,image, ctg_id  FROM  item     []
[SQL_LOG:2023-04-25 11:04:37]:  SELECT  customer_no  FROM  session  WHERE  session_key = ?     [r23dg8g7s0sgqf88lo9umedls0]
[SQL_LOG:2023-04-25 11:04:37]:  SELECT  ctg_id, category_name  FROM  category     []
[SQL_LOG:2023-04-25 11:04:37]:  SELECT  item_id, item_name, detail, price, image, ctg_id  FROM  item  WHERE  item_id = ?     [9]
[SQL_LOG:2023-04-25 11:04:41]:  SELECT  customer_no  FROM  session  WHERE  session_key = ?     [r23dg8g7s0sgqf88lo9umedls0]
[SQL_LOG:2023-04-25 11:04:41]:  SELECT  ctg_id, category_name  FROM  category     []
[SQL_LOG:2023-04-25 11:04:41]:  SELECT  item_id, item_name, price,image, ctg_id  FROM  item     []
[SQL_LOG:2023-04-25 11:04:43]:  SELECT  customer_no  FROM  session  WHERE  session_key = ?     [r23dg8g7s0sgqf88lo9umedls0]
[SQL_LOG:2023-04-25 11:04:43]:  SELECT  ctg_id, category_name  FROM  category     []
[SQL_LOG:2023-04-25 11:04:43]:  SELECT  item_id, item_name, detail, price, image, ctg_id  FROM  item  WHERE  item_id = ?     [11]
[SQL_LOG:2023-04-25 11:04:44]:  SELECT  customer_no  FROM  session  WHERE  session_key = ?     [r23dg8g7s0sgqf88lo9umedls0]
[SQL_LOG:2023-04-25 11:04:44]:  SELECT  ctg_id, category_name  FROM  category     []
[SQL_LOG:2023-04-25 11:04:44]:  SELECT  item_id, item_name, price,image, ctg_id  FROM  item     []
[SQL_LOG:2023-04-25 11:04:45]:  SELECT  customer_no  FROM  session  WHERE  session_key = ?     [r23dg8g7s0sgqf88lo9umedls0]
[SQL_LOG:2023-04-25 11:04:45]:  SELECT  ctg_id, category_name  FROM  category     []
[SQL_LOG:2023-04-25 11:04:45]:  SELECT  item_id, item_name, detail, price, image, ctg_id  FROM  item  WHERE  item_id = ?     [11]
[SQL_LOG:2023-04-25 11:04:46]:  SELECT  customer_no  FROM  session  WHERE  session_key = ?     [r23dg8g7s0sgqf88lo9umedls0]
[SQL_LOG:2023-04-25 11:04:46]:  SELECT  ctg_id, category_name  FROM  category     []
[SQL_LOG:2023-04-25 11:04:46]:  SELECT  item_id, item_name, price,image, ctg_id  FROM  item     []
[SQL_LOG:2023-04-25 11:04:48]:  SELECT  customer_no  FROM  session  WHERE  session_key = ?     [r23dg8g7s0sgqf88lo9umedls0]
[SQL_LOG:2023-04-25 11:04:48]:  SELECT  ctg_id, category_name  FROM  category     []
[SQL_LOG:2023-04-25 11:04:48]:  SELECT  item_id, item_name, price,image, ctg_id  FROM  item  WHERE  ctg_id = ?     [2]
[SQL_LOG:2023-04-25 11:04:49]:  SELECT  customer_no  FROM  session  WHERE  session_key = ?     [r23dg8g7s0sgqf88lo9umedls0]
[SQL_LOG:2023-04-25 11:04:49]:  SELECT  ctg_id, category_name  FROM  category     []
[SQL_LOG:2023-04-25 11:04:49]:  SELECT  item_id, item_name, detail, price, image, ctg_id  FROM  item  WHERE  item_id = ?     [5]
[SQL_LOG:2023-04-25 11:04:52]:  SELECT  customer_no  FROM  session  WHERE  session_key = ?     [r23dg8g7s0sgqf88lo9umedls0]
[SQL_LOG:2023-04-25 11:04:52]:  SELECT  ctg_id, category_name  FROM  category     []
[SQL_LOG:2023-04-25 11:04:52]:  SELECT  item_id, item_name, price,image, ctg_id  FROM  item  WHERE  ctg_id = ?     [2]
[SQL_LOG:2023-04-25 11:04:54]:  SELECT  customer_no  FROM  session  WHERE  session_key = ?     [r23dg8g7s0sgqf88lo9umedls0]
[SQL_LOG:2023-04-25 11:04:54]:  SELECT  ctg_id, category_name  FROM  category     []
[SQL_LOG:2023-04-25 11:04:54]:  SELECT  item_id, item_name, detail, price, image, ctg_id  FROM  item  WHERE  item_id = ?     [7]
[SQL_LOG:2023-04-25 11:04:56]:  SELECT  customer_no  FROM  session  WHERE  session_key = ?     [r23dg8g7s0sgqf88lo9umedls0]
[SQL_LOG:2023-04-25 11:04:56]:  SELECT  ctg_id, category_name  FROM  category     []
[SQL_LOG:2023-04-25 11:04:56]:  SELECT  item_id, item_name, price,image, ctg_id  FROM  item  WHERE  ctg_id = ?     [2]
[SQL_LOG:2023-04-25 11:04:58]:  SELECT  customer_no  FROM  session  WHERE  session_key = ?     [r23dg8g7s0sgqf88lo9umedls0]
[SQL_LOG:2023-04-25 11:04:58]:  SELECT  ctg_id, category_name  FROM  category     []
[SQL_LOG:2023-04-25 11:04:58]:  SELECT  item_id, item_name, price,image, ctg_id  FROM  item     []
[SQL_LOG:2023-04-25 11:05:01]:  SELECT  customer_no  FROM  session  WHERE  session_key = ?     [r23dg8g7s0sgqf88lo9umedls0]
[SQL_LOG:2023-04-25 11:05:01]:  SELECT  ctg_id, category_name  FROM  category     []
[SQL_LOG:2023-04-25 11:05:01]:  SELECT  item_id, item_name, detail, price, image, ctg_id  FROM  item  WHERE  item_id = ?     [1]
[SQL_LOG:2023-04-25 11:05:03]:  SELECT  customer_no  FROM  session  WHERE  session_key = ?     [r23dg8g7s0sgqf88lo9umedls0]
[SQL_LOG:2023-04-25 11:05:03]:  SELECT  ctg_id, category_name  FROM  category     []
[SQL_LOG:2023-04-25 11:05:03]:  SELECT  item_id, item_name, price,image, ctg_id  FROM  item     []
[SQL_LOG:2023-04-25 11:05:09]:  SELECT  customer_no  FROM  session  WHERE  session_key = ?     [r23dg8g7s0sgqf88lo9umedls0]
[SQL_LOG:2023-04-25 11:05:09]:  SELECT  ctg_id, category_name  FROM  category     []
[SQL_LOG:2023-04-25 11:05:09]:  SELECT  item_id, item_name, price,image, ctg_id  FROM  item  WHERE  ctg_id = ?     [3]
[SQL_LOG:2023-04-25 11:05:11]:  SELECT  customer_no  FROM  session  WHERE  session_key = ?     [r23dg8g7s0sgqf88lo9umedls0]
[SQL_LOG:2023-04-25 11:05:11]:  SELECT  ctg_id, category_name  FROM  category     []
[SQL_LOG:2023-04-25 11:05:11]:  SELECT  item_id, item_name, detail, price, image, ctg_id  FROM  item  WHERE  item_id = ?     [9]
[SQL_LOG:2023-04-25 11:05:13]:  SELECT  customer_no  FROM  session  WHERE  session_key = ?     [r23dg8g7s0sgqf88lo9umedls0]
[SQL_LOG:2023-04-25 11:05:13]:  INSERT INTO  cart  (customer_no,item_id) VALUES (?,?)  [1,9]
[SQL_LOG:2023-04-25 11:05:13]:  SELECT  c.crt_id, i.item_id, i.item_name, i.price,i.image  FROM  cart c LEFT JOIN item i ON c.item_id = i.item_id  WHERE  c.customer_no = ? AND c.delete_flg = ?     [1,0]
[SQL_LOG:2023-04-25 11:05:13]:  SELECT  SUM( i.price ) AS totalPrice  FROM  cart c LEFT JOIN item i ON c.item_id = i.item_id  WHERE  c.customer_no = ? AND c.delete_flg = ?    [1,0]
[SQL_LOG:2023-04-25 11:05:13]:  SELECT  SUM( num ) AS num  FROM  cart c  WHERE  c.customer_no = ? AND c.delete_flg = ?    [1,0]
[SQL_LOG:2023-04-25 11:05:14]:  SELECT  customer_no  FROM  session  WHERE  session_key = ?     [r23dg8g7s0sgqf88lo9umedls0]
[SQL_LOG:2023-04-25 11:05:14]:  SELECT  ctg_id, category_name  FROM  category     []
[SQL_LOG:2023-04-25 11:05:14]:  SELECT  item_id, item_name, price,image, ctg_id  FROM  item     []
[SQL_LOG:2023-04-25 11:05:17]:  SELECT  customer_no  FROM  session  WHERE  session_key = ?     [r23dg8g7s0sgqf88lo9umedls0]
[SQL_LOG:2023-04-25 11:05:17]:  SELECT  ctg_id, category_name  FROM  category     []
[SQL_LOG:2023-04-25 11:05:17]:  SELECT  item_id, item_name, detail, price, image, ctg_id  FROM  item  WHERE  item_id = ?     [5]
[SQL_LOG:2023-04-25 11:05:19]:  SELECT  customer_no  FROM  session  WHERE  session_key = ?     [r23dg8g7s0sgqf88lo9umedls0]
[SQL_LOG:2023-04-25 11:05:19]:  INSERT INTO  cart  (customer_no,item_id) VALUES (?,?)  [1,5]
[SQL_LOG:2023-04-25 11:05:19]:  SELECT  c.crt_id, i.item_id, i.item_name, i.price,i.image  FROM  cart c LEFT JOIN item i ON c.item_id = i.item_id  WHERE  c.customer_no = ? AND c.delete_flg = ?     [1,0]
[SQL_LOG:2023-04-25 11:05:19]:  SELECT  SUM( i.price ) AS totalPrice  FROM  cart c LEFT JOIN item i ON c.item_id = i.item_id  WHERE  c.customer_no = ? AND c.delete_flg = ?    [1,0]
[SQL_LOG:2023-04-25 11:05:19]:  SELECT  SUM( num ) AS num  FROM  cart c  WHERE  c.customer_no = ? AND c.delete_flg = ?    [1,0]
[SQL_LOG:2023-04-25 11:05:24]:  SELECT  customer_no  FROM  session  WHERE  session_key = ?     [r23dg8g7s0sgqf88lo9umedls0]
[SQL_LOG:2023-04-25 11:05:24]:  UPDATE  cart  SET delete_flg =?  WHERE  crt_id = ?  [1,7]
[SQL_LOG:2023-04-25 11:05:24]:  SELECT  c.crt_id, i.item_id, i.item_name, i.price,i.image  FROM  cart c LEFT JOIN item i ON c.item_id = i.item_id  WHERE  c.customer_no = ? AND c.delete_flg = ?     [1,0]
[SQL_LOG:2023-04-25 11:05:24]:  SELECT  SUM( i.price ) AS totalPrice  FROM  cart c LEFT JOIN item i ON c.item_id = i.item_id  WHERE  c.customer_no = ? AND c.delete_flg = ?    [1,0]
[SQL_LOG:2023-04-25 11:05:24]:  SELECT  SUM( num ) AS num  FROM  cart c  WHERE  c.customer_no = ? AND c.delete_flg = ?    [1,0]
[SQL_LOG:2023-04-25 11:05:26]:  SELECT  customer_no  FROM  session  WHERE  session_key = ?     [r23dg8g7s0sgqf88lo9umedls0]
[SQL_LOG:2023-04-25 11:05:26]:  UPDATE  cart  SET delete_flg =?  WHERE  crt_id = ?  [1,6]
[SQL_LOG:2023-04-25 11:05:26]:  SELECT  c.crt_id, i.item_id, i.item_name, i.price,i.image  FROM  cart c LEFT JOIN item i ON c.item_id = i.item_id  WHERE  c.customer_no = ? AND c.delete_flg = ?     [1,0]
[SQL_LOG:2023-04-25 11:05:26]:  SELECT  SUM( i.price ) AS totalPrice  FROM  cart c LEFT JOIN item i ON c.item_id = i.item_id  WHERE  c.customer_no = ? AND c.delete_flg = ?    [1,0]
[SQL_LOG:2023-04-25 11:05:26]:  SELECT  SUM( num ) AS num  FROM  cart c  WHERE  c.customer_no = ? AND c.delete_flg = ?    [1,0]
